Start testing: Apr 04 16:07 EDT
----------------------------------------------------------
22/163 Testing: t_byte_stream_construction
22/163 Test: t_byte_stream_construction
Command: "/home/ml646/cs144/tests/byte_stream_construction"
Directory: /home/ml646/cs144
"t_byte_stream_construction" start time: Apr 04 16:07 EDT
Output:
----------------------------------------------------------
<end of output>
Test time =   0.00 sec
----------------------------------------------------------
Test Passed.
"t_byte_stream_construction" end time: Apr 04 16:07 EDT
"t_byte_stream_construction" time elapsed: 00:00:00
----------------------------------------------------------

23/163 Testing: t_byte_stream_one_write
23/163 Test: t_byte_stream_one_write
Command: "/home/ml646/cs144/tests/byte_stream_one_write"
Directory: /home/ml646/cs144
"t_byte_stream_one_write" start time: Apr 04 16:07 EDT
Output:
----------------------------------------------------------
<end of output>
Test time =   0.00 sec
----------------------------------------------------------
Test Passed.
"t_byte_stream_one_write" end time: Apr 04 16:07 EDT
"t_byte_stream_one_write" time elapsed: 00:00:00
----------------------------------------------------------

24/163 Testing: t_byte_stream_two_writes
24/163 Test: t_byte_stream_two_writes
Command: "/home/ml646/cs144/tests/byte_stream_two_writes"
Directory: /home/ml646/cs144
"t_byte_stream_two_writes" start time: Apr 04 16:07 EDT
Output:
----------------------------------------------------------
<end of output>
Test time =   0.00 sec
----------------------------------------------------------
Test Passed.
"t_byte_stream_two_writes" end time: Apr 04 16:07 EDT
"t_byte_stream_two_writes" time elapsed: 00:00:00
----------------------------------------------------------

25/163 Testing: t_byte_stream_capacity
25/163 Test: t_byte_stream_capacity
Command: "/home/ml646/cs144/tests/byte_stream_capacity"
Directory: /home/ml646/cs144
"t_byte_stream_capacity" start time: Apr 04 16:07 EDT
Output:
----------------------------------------------------------
<end of output>
Test time =   0.00 sec
----------------------------------------------------------
Test Passed.
"t_byte_stream_capacity" end time: Apr 04 16:07 EDT
"t_byte_stream_capacity" time elapsed: 00:00:00
----------------------------------------------------------

26/163 Testing: t_byte_stream_many_writes
26/163 Test: t_byte_stream_many_writes
Command: "/home/ml646/cs144/tests/byte_stream_many_writes"
Directory: /home/ml646/cs144
"t_byte_stream_many_writes" start time: Apr 04 16:07 EDT
Output:
----------------------------------------------------------
<end of output>
Test time =   0.01 sec
----------------------------------------------------------
Test Passed.
"t_byte_stream_many_writes" end time: Apr 04 16:07 EDT
"t_byte_stream_many_writes" time elapsed: 00:00:00
----------------------------------------------------------

27/163 Testing: t_webget
27/163 Test: t_webget
Command: "/home/ml646/cs144/tests/webget_t.sh"
Directory: /home/ml646/cs144
"t_webget" start time: Apr 04 16:07 EDT
Output:
----------------------------------------------------------
HTTP/1.1 200 OK
Date: Thu, 04 Apr 2024 19:26:43 GMT
Server: Apache
Content-Length: 44
Content-Type: text/plain

QWx0NhMPkoM/bJr/ohvHXlviFhOyYrYb+qqdOnwLYo4
<end of output>
Test time =   0.21 sec
----------------------------------------------------------
Test Passed.
"t_webget" end time: Apr 04 16:07 EDT
"t_webget" time elapsed: 00:00:00
----------------------------------------------------------

47/163 Testing: t_address_dt
47/163 Test: t_address_dt
Command: "/home/ml646/cs144/doctests/address_dt"
Directory: /home/ml646/cs144
"t_address_dt" start time: Apr 04 16:07 EDT
Output:
----------------------------------------------------------
<end of output>
Test time =   0.01 sec
----------------------------------------------------------
Test Passed.
"t_address_dt" end time: Apr 04 16:07 EDT
"t_address_dt" time elapsed: 00:00:00
----------------------------------------------------------

48/163 Testing: t_parser_dt
48/163 Test: t_parser_dt
Command: "/home/ml646/cs144/doctests/parser_dt"
Directory: /home/ml646/cs144
"t_parser_dt" start time: Apr 04 16:07 EDT
Output:
----------------------------------------------------------
<end of output>
Test time =   0.00 sec
----------------------------------------------------------
Test Passed.
"t_parser_dt" end time: Apr 04 16:07 EDT
"t_parser_dt" time elapsed: 00:00:00
----------------------------------------------------------

49/163 Testing: t_socket_dt
49/163 Test: t_socket_dt
Command: "/home/ml646/cs144/doctests/socket_dt"
Directory: /home/ml646/cs144
"t_socket_dt" start time: Apr 04 16:07 EDT
Output:
----------------------------------------------------------
<end of output>
Test time =   0.01 sec
----------------------------------------------------------
Test Passed.
"t_socket_dt" end time: Apr 04 16:07 EDT
"t_socket_dt" time elapsed: 00:00:00
----------------------------------------------------------

End testing: Apr 04 16:07 EDT
